#
# A fatal error has been detected by the Java Runtime Environment:
#
#  SIGSEGV (0xb) at pc=0x00007fc082fcbfa3, pid=138524, tid=138539
#
# JRE version: OpenJDK Runtime Environment (14.0.1+7) (build 14.0.1+7)
# Java VM: OpenJDK 64-Bit Server VM (14.0.1+7, mixed mode, tiered, compressed oops, g1 gc, linux-amd64)
# Problematic frame:
# C  [libjimage.so+0x2fa3]
#
# Core dump will be written. Default location: Core dumps may be processed with "/usr/lib/systemd/systemd-coredump %P %u %g %s %t %c %h" (or dumping to /home/hectarra/git/IW/core.138524)
#
# If you would like to submit a bug report, please visit:
#   https://bugreport.java.com/bugreport/crash.jsp
#

---------------  S U M M A R Y ------------

Command Line: -agentlib:jdwp=transport=dt_socket,suspend=y,address=localhost:46407 -javaagent:/home/hectarra/.eclipse/org.eclipse.platform_4.15.0_155965261_linux_gtk_x86_64/configuration/org.eclipse.osgi/219/0/.cp/lib/javaagent-shaded.jar -Dfile.encoding=UTF-8 es.ucm.fdi.iw.IwApplication

Host: Intel(R) Core(TM) i5-6200U CPU @ 2.30GHz, 4 cores, 7G, RebornOS Linux
Time: Tue Jun 16 14:37:32 2020 CEST elapsed time: 646 seconds (0d 0h 10m 46s)

---------------  T H R E A D  ---------------

Current thread (0x00007fc07c1c4800):  JavaThread "Signal Dispatcher" daemon [_thread_in_vm, id=138539, stack(0x00007fc051318000,0x00007fc051419000)]

Stack: [0x00007fc051318000,0x00007fc051419000],  sp=0x00007fc0514161b0,  free space=1016k
Native frames: (J=compiled Java code, A=aot compiled Java code, j=interpreted, Vv=VM code, C=native code)
C  [libjimage.so+0x2fa3]
C  [libjimage.so+0x3b2e]
C  [libjimage.so+0x4034]  JIMAGE_FindResource+0x104
V  [libjvm.so+0x537d72]